#
# There is insufficient memory for the Java Runtime Environment to continue.
# Native memory allocation (mmap) failed to map 536870912 bytes. Error detail: G1 virtual space
# Possible reasons:
#   The system is out of physical RAM or swap space
#   This process is running with CompressedOops enabled, and the Java Heap may be blocking the growth of the native heap
# Possible solutions:
#   Reduce memory load on the system
#   Increase physical memory or swap space
#   Check if swap backing store is full
#   Decrease Java heap size (-Xmx/-Xms)
#   Decrease number of Java threads
#   Decrease Java thread stack sizes (-Xss)
#   Set larger code cache with -XX:ReservedCodeCacheSize=
#   JVM is running with Zero Based Compressed Oops mode in which the Java heap is
#     placed in the first 32GB address space. The Java Heap base address is the
#     maximum limit for the native heap growth. Please use -XX:HeapBaseMinAddress
#     to set the Java Heap base and to place the Java Heap above 32GB virtual address.
# This output file may be truncated or incomplete.
#
#  Out of Memory Error (os_windows.cpp:3925), pid=75296, tid=75012
#
# JRE version:  (21.0.8+9) (build )
# Java VM: OpenJDK 64-Bit Server VM (21.0.8+9-b1163.69, mixed mode, sharing, tiered, compressed oops, compressed class ptrs, g1 gc, windows-amd64)
# No core dump will be written. Minidumps are not enabled by default on client versions of Windows
#

---------------  S U M M A R Y ------------

Command Line: git4idea.http.GitAskPassApp Username for 'https://github.com': 

Host: 11th Gen Intel(R) Core(TM) i7-11700 @ 2.50GHz, 16 cores, 31G,  Windows 11 , 64 bit Build 26100 (10.0.26100.7309)
Time: Tue Jan  6 16:55:21 2026 elapsed time: 2.061104 seconds (0d 0h 0m 2s)

---------------  T H R E A D  ---------------

Current thread (0x0000019401b737a0):  JavaThread "Unknown thread" [_thread_in_vm, id=75012, stack(0x0000002481200000,0x0000002481300000) (1024K)]

Stack: [0x0000002481200000,0x0000002481300000]
Native frames: (J=compiled Java code, j=interpreted, Vv=VM code, C=native code)
V  [jvm.dll+0x6ebf99]
V  [jvm.dll+0x8cbfa3]
V  [jvm.dll+0x8ce55e]
V  [jvm.dll+0x8cec43]
V  [jvm.dll+0x28adf6]
V  [jvm.dll+0x6e8775]
V  [jvm.dll+0x6dbfca]
V  [jvm.dll+0x36689b]
V  [jvm.dll+0x36e466]
V  [jvm.dll+0x3c08c6]
V  [jvm.dll+0x3c0b98]
V  [jvm.dll+0x3390cc]
V  [jvm.dll+0x339dbb]
V  [jvm.dll+0x893429]
V  [jvm.dll+0x3cda98]
V  [jvm.dll+0x87c448]
V  [jvm.dll+0x46283e]
V  [jvm.dll+0x464521]
C  [jli.dll+0x52ab]
C  [ucrtbase.dll+0x37b0]
C  [KERNEL32.DLL+0x2e8d7]
C  [ntdll.dll+0x8c53c]


---------------  P R O C E S S  ---------------

Threads class SMR info:
_java_thread_list=0x00007ffff47b42c8, length=0, elements={
}

Java Threads: ( => current thread )
Total: 0

Other Threads:
  0x0000019403ef5950 WorkerThread "GC Thread#0"                     [id=75064, stack(0x0000002481300000,0x0000002481400000) (1024K)]
  0x0000019403f076b0 ConcurrentGCThread "G1 Main Marker"            [id=75240, stack(0x0000002481400000,0x0000002481500000) (1024K)]
  0x0000019403f081b0 WorkerThread "G1 Conc#0"                       [id=68572, stack(0x0000002481500000,0x0000002481600000) (1024K)]

[error occurred during error reporting (printing all threads), id 0xc0000005, EXCEPTION_ACCESS_VIOLATION (0xc0000005) at pc=0x00007ffff3e9c0b7]
VM state: not at safepoint (not fully initialized)

VM Mutex/Monitor currently owned by a thread:  ([mutex/lock_event])
[0x00007ffff4828d58] Heap_lock - owner thread: 0x0000019401b737a0

Heap address: 0x0000000602000000, size: 8160 MB, Compressed Oops mode: Zero based, Oop shift amount: 3

CDS archive(s) mapped at: [0x0000000000000000-0x0000000000000000-0x0000000000000000), size 0, SharedBaseAddress: 0x0000000800000000, ArchiveRelocationMode: 1.
Narrow klass base: 0x0000000000000000, Narrow klass shift: 0, Narrow klass range: 0x0

GC Precious Log:
 CardTable entry size: 512
 Card Set container configuration: InlinePtr #cards 4 size 8 Array Of Cards #cards 32 size 80 Howl #buckets 8 coarsen threshold 7372 Howl Bitmap #cards 1024 size 144 coarsen threshold 921 Card regions per heap region 1 cards per card region 8192

Heap:
 garbage-first heap   total 0K, used 0K [0x0000000602000000, 0x0000000800000000)
  region size 4096K, 0 young (0K), 0 survivors (0K)
 Metaspace       used 0K, committed 0K, reserved 0K
  class space    used 0K, committed 0K, reserved 0K

Heap Regions: E=young(eden), S=young(survivor), O=old, HS=humongous(starts), HC=humongous(continues), CS=collection set, F=free, TAMS=top-at-mark-start, PB=parsable bottom

Card table byte_map: [0x0000019418710000,0x0000019419700000] _byte_map_base: 0x0000019415700000

Marking Bits: (CMBitMap*) 0x0000019403ef6050
 Bits: [0x0000019419700000, 0x0000019421680000)

GC Heap History (0 events):
No events

Dll operation events (1 events):
Event: 0.039 Loaded shared library C:\Program Files\JetBrains\JetBrains Rider 2025.3\jbr\bin\java.dll

Deoptimization events (0 events):
No events

Classes loaded (0 events):
No events

Classes unloaded (0 events):
No events

Classes redefined (0 events):
No events

Internal exceptions (0 events):
No events

ZGC Phase Switch (0 events):
No events

VM Operations (0 events):
No events

Memory protections (0 events):
No events

Nmethod flushes (0 events):
No events

Events (0 events):
No events


Dynamic libraries:
0x00007ff69acb0000 - 0x00007ff69acba000 	C:\Program Files\JetBrains\JetBrains Rider 2025.3\jbr\bin\java.exe
0x00007ff8f1220000 - 0x00007ff8f1487000 	C:\WINDOWS\SYSTEM32\ntdll.dll
0x00007ff8f0cd0000 - 0x00007ff8f0d99000 	C:\WINDOWS\System32\KERNEL32.DLL
0x00007ff8eea90000 - 0x00007ff8eee7f000 	C:\WINDOWS\System32\KERNELBASE.dll
0x00007ff8ee370000 - 0x00007ff8ee4bb000 	C:\WINDOWS\System32\ucrtbase.dll
0x00007ff8e8e70000 - 0x00007ff8e8e8b000 	C:\Program Files\JetBrains\JetBrains Rider 2025.3\jbr\bin\VCRUNTIME140.dll
0x00007fffb7580000 - 0x00007fffb7598000 	C:\Program Files\JetBrains\JetBrains Rider 2025.3\jbr\bin\jli.dll
0x00007ff8ef0d0000 - 0x00007ff8ef295000 	C:\WINDOWS\System32\USER32.dll
0x00007ff8ee8f0000 - 0x00007ff8ee917000 	C:\WINDOWS\System32\win32u.dll
0x00007ff8d0fe0000 - 0x00007ff8d1273000 	C:\WINDOWS\WinSxS\amd64_microsoft.windows.common-controls_6595b64144ccf1df_6.0.26100.7309_none_3e05feeae336a044\COMCTL32.dll
0x00007ff8f1040000 - 0x00007ff8f106b000 	C:\WINDOWS\System32\GDI32.dll
0x00007ff8f03e0000 - 0x00007ff8f0489000 	C:\WINDOWS\System32\msvcrt.dll
0x00007ff8eee90000 - 0x00007ff8eefbc000 	C:\WINDOWS\System32\gdi32full.dll
0x00007ff8ee6c0000 - 0x00007ff8ee763000 	C:\WINDOWS\System32\msvcp_win.dll
0x00007ff8f0da0000 - 0x00007ff8f0dd1000 	C:\WINDOWS\System32\IMM32.DLL
0x00007ff8e8e90000 - 0x00007ff8e8e9c000 	C:\Program Files\JetBrains\JetBrains Rider 2025.3\jbr\bin\vcruntime140_1.dll
0x00007fffac7b0000 - 0x00007fffac83d000 	C:\Program Files\JetBrains\JetBrains Rider 2025.3\jbr\bin\msvcp140.dll
0x00007ffff3b50000 - 0x00007ffff491c000 	C:\Program Files\JetBrains\JetBrains Rider 2025.3\jbr\bin\server\jvm.dll
0x00007ff8f0e80000 - 0x00007ff8f0f34000 	C:\WINDOWS\System32\ADVAPI32.dll
0x00007ff8ef740000 - 0x00007ff8ef7e6000 	C:\WINDOWS\System32\sechost.dll
0x00007ff8efa90000 - 0x00007ff8efba8000 	C:\WINDOWS\System32\RPCRT4.dll
0x00007ff8ef050000 - 0x00007ff8ef0c4000 	C:\WINDOWS\System32\WS2_32.dll
0x00007ff8e5f90000 - 0x00007ff8e5f9b000 	C:\WINDOWS\SYSTEM32\VERSION.dll
0x00007ff8ee1d0000 - 0x00007ff8ee22e000 	C:\WINDOWS\SYSTEM32\POWRPROF.dll
0x00007ff8db500000 - 0x00007ff8db535000 	C:\WINDOWS\SYSTEM32\WINMM.dll
0x00007ff8ee1b0000 - 0x00007ff8ee1c4000 	C:\WINDOWS\SYSTEM32\UMPDC.dll
0x00007ff8ed0e0000 - 0x00007ff8ed0fb000 	C:\WINDOWS\SYSTEM32\kernel.appcore.dll
0x00007ff8e8e60000 - 0x00007ff8e8e6a000 	C:\Program Files\JetBrains\JetBrains Rider 2025.3\jbr\bin\jimage.dll
0x00007ff8eb740000 - 0x00007ff8eb982000 	C:\WINDOWS\SYSTEM32\DBGHELP.DLL
0x00007ff8efdf0000 - 0x00007ff8f0175000 	C:\WINDOWS\System32\combase.dll
0x00007ff8f0490000 - 0x00007ff8f0566000 	C:\WINDOWS\System32\OLEAUT32.dll
0x00007ff8c7f30000 - 0x00007ff8c7f6c000 	C:\WINDOWS\SYSTEM32\dbgcore.DLL
0x00007ff8ee610000 - 0x00007ff8ee6b5000 	C:\WINDOWS\System32\bcryptPrimitives.dll
0x00007ff8e51f0000 - 0x00007ff8e5210000 	C:\Program Files\JetBrains\JetBrains Rider 2025.3\jbr\bin\java.dll

JVMTI agents: none

dbghelp: loaded successfully - version: 4.0.5 - missing functions: none
symbol engine: initialized successfully - sym options: 0x614 - pdb path: .;C:\Program Files\JetBrains\JetBrains Rider 2025.3\jbr\bin;C:\WINDOWS\SYSTEM32;C:\WINDOWS\WinSxS\amd64_microsoft.windows.common-controls_6595b64144ccf1df_6.0.26100.7309_none_3e05feeae336a044;C:\Program Files\JetBrains\JetBrains Rider 2025.3\jbr\bin\server

VM Arguments:
java_command: git4idea.http.GitAskPassApp Username for 'https://github.com': 
java_class_path (initial): C:/Program Files/JetBrains/JetBrains Rider 2025.3/plugins/vcs-git/lib/git4idea-rt.jar;C:/Program Files/JetBrains/JetBrains Rider 2025.3/lib/externalProcess-rt.jar
Launcher Type: SUN_STANDARD

[Global flags]
     intx CICompilerCount                          = 12                                        {product} {ergonomic}
     uint ConcGCThreads                            = 3                                         {product} {ergonomic}
     uint G1ConcRefinementThreads                  = 13                                        {product} {ergonomic}
   size_t G1HeapRegionSize                         = 4194304                                   {product} {ergonomic}
    uintx GCDrainStackTargetSize                   = 64                                        {product} {ergonomic}
   size_t InitialHeapSize                          = 536870912                                 {product} {ergonomic}
   size_t MarkStackSize                            = 4194304                                   {product} {ergonomic}
   size_t MaxHeapSize                              = 8556380160                                {product} {ergonomic}
   size_t MinHeapDeltaBytes                        = 4194304                                   {product} {ergonomic}
   size_t MinHeapSize                              = 8388608                                   {product} {ergonomic}
    uintx NonNMethodCodeHeapSize                   = 7602480                                {pd product} {ergonomic}
    uintx NonProfiledCodeHeapSize                  = 122027880                              {pd product} {ergonomic}
    uintx ProfiledCodeHeapSize                     = 122027880                              {pd product} {ergonomic}
    uintx ReservedCodeCacheSize                    = 251658240                              {pd product} {ergonomic}
     bool SegmentedCodeCache                       = true                                      {product} {ergonomic}
   size_t SoftMaxHeapSize                          = 8556380160                             {manageable} {ergonomic}
     bool UseCompressedOops                        = true                           {product lp64_product} {ergonomic}
     bool UseG1GC                                  = true                                      {product} {ergonomic}
     bool UseLargePagesIndividualAllocation        = false                                  {pd product} {ergonomic}

Logging:
Log output configuration:
 #0: stdout all=warning uptime,level,tags foldmultilines=false
 #1: stderr all=off uptime,level,tags foldmultilines=false

Environment Variables:
JAVA_HOME=C:\Program Files (x86)\Android\openjdk\jdk-17.0.14
PATH=C:\Program Files\Git\mingw64\libexec\git-core;C:\Program Files\Git\mingw64\libexec\git-core;C:\Program Files\Git\mingw64\bin;C:\Program Files\Git\usr\bin;C:\Users\mk\bin;C:\VulkanSDK\1.4.304.1\Bin;C:\Program Files (x86)\VMware\VMware Workstation\bin;C:\Program Files\NVIDIA GPU Computing Toolkit\CUDA\v12.3\bin;C:\Program Files\NVIDIA GPU Computing Toolkit\CUDA\v12.3\libnvvp;C:\Program Files\Oculus\Support\oculus-runtime;C:\Windows\system32;C:\Windows;C:\Windows\System32\Wbem;C:\Windows\System32\WindowsPowerShell\v1.0;C:\Windows\System32\OpenSSH;C:\Program Files\Git\cmd;C:\Program Files (x86)\ZeroTier\One;C:\Program Files\Pandoc;C:\Program Files\dotnet;C:\Program Files\Microsoft SQL Server\150\Tools\Binn;C:\Program Files\Microsoft SQL Server\Client SDK\ODBC\170\Tools\Binn;C:\Program Files\NVIDIA Corporation\Nsight Compute 2023.3.1;C:\Program Files (x86)\NVIDIA Corporation\PhysX\Common;C:\Program Files\NVIDIA Corporation\NVIDIA NvDLISR;C:\Program Files\Certbot\bin;C:\Program Files\NVIDIA GPU Computing Toolkit\CUDA\v12.3\lib\x64;C:\Program Files\NVIDIA GPU Computing Toolkit\CUDA\v12.3\include;C:\WINDOWS\system32;C:\WINDOWS;C:\WINDOWS\System32\Wbem;C:\WINDOWS\System32\WindowsPowerShell\v1.0;C:\WINDOWS\System32\OpenSSH;C:\Program Files\BusinessStreaming\SDK\lib;C:\Program Files\Common Files\Autodesk Shared;C:\Program Files (x86)\Windows Kits\10\Windows Performance Toolkit;C:\Program Files\CMake\bin;C:\Program Files\nodejs;C:\Program Files\MySQL\MySQL Shell 9.4\bin;C:\Users\mk\AppData\Local\Programs\Python\Python310\Scripts;C:\Users\mk\AppData\Local\Programs\Python\Python310;C:\Users\mk\AppData\Local\Microsoft\WindowsApps;C:\Users\mk\AppData\Local\Programs\Microsoft VS Code\bin;C:\Users\mk\.dotnet\tools;C:\Program Files\JetBrains\PyCharm 2023.3\bin;C:\tool\ffmpeg-6.1-essentials_build\bin;C:\Program Files\ViCue\VQProbe;C:\Users\mk\AppData\Local\Programs\cursor\resources\app\bin;C:\Users\mk\miniconda3\condabin;C:\Program Files (x86)\Nmap;C:\Users\mk\AppData\Roaming\npm;C:\Program Files\mitmproxy\bin
USERNAME=mk
DISPLAY=:0.0
LC_ALL=en_US.UTF-8
TERM=xterm-256color
TMPDIR=C:\Users\mk\AppData\Local\Temp
OS=Windows_NT
PROCESSOR_IDENTIFIER=Intel64 Family 6 Model 167 Stepping 1, GenuineIntel
TMP=C:\Users\mk\AppData\Local\Temp
TEMP=C:\Users\mk\AppData\Local\Temp




Periodic native trim disabled

JNI global refs:
JNI global refs: 0, weak refs: 0

JNI global refs memory usage: 0, weak refs: 0

Process memory usage:
Resident Set Size: 13404K (0% of 33421932K total physical memory with 4675788K free physical memory)

OOME stack traces (most recent first):
Classloader memory used:

---------------  S Y S T E M  ---------------

OS:
 Windows 11 , 64 bit Build 26100 (10.0.26100.7309)
OS uptime: 0 days 8:02 hours
Hyper-V role detected

CPU: total 16 (initial active 16) (8 cores per cpu, 2 threads per core) family 6 model 167 stepping 1 microcode 0x50, cx8, cmov, fxsr, ht, mmx, 3dnowpref, sse, sse2, sse3, ssse3, sse4.1, sse4.2, popcnt, lzcnt, tsc, tscinvbit, avx, avx2, aes, erms, clmul, bmi1, bmi2, adx, avx512f, avx512dq, avx512cd, avx512bw, avx512vl, sha, fma, vzeroupper, avx512_vpopcntdq, avx512_vpclmulqdq, avx512_vaes, avx512_vnni, clflush, clflushopt, avx512_vbmi2, avx512_vbmi, hv, rdtscp, rdpid, fsrm, gfni, avx512_bitalg, f16c, avx512_ifma
Processor Information for the first 16 processors :
  Max Mhz: 2496, Current Mhz: 2496, Mhz Limit: 2496

Memory: 4k page, system-wide physical 32638M (4566M free)
TotalPageFile size 49022M (AvailPageFile size 152M)
current process WorkingSet (physical memory assigned to process): 13M, peak: 13M
current process commit charge ("private bytes"): 71M, peak: 583M

vm_info: OpenJDK 64-Bit Server VM (21.0.8+9-b1163.69) for windows-amd64 JRE (21.0.8+9-b1163.69), built on 2025-10-24 by "builduser" with MS VC++ 16.10 / 16.11 (VS2019)

END.
